Base path: /Applications/Unity/Unity.app/Contents
Pipe name: \\.\pipe\UnityShaderCompiler-64bit-1-2072388352
Cmd: getPlatforms
Cmd: preprocess
  insize=447 outsize=447 ok=1
Cmd: preprocess
  insize=1048 outsize=1039 ok=1
Cmd: compileSnippet
  api=0 type=0 insize=6892 outsize=2243 kw=DIRECTIONAL SHADOWS_OFF LIGHTMAP_OFF DIRLIGHTMAP_OFF DYNAMICLIGHTMAP_OFF pd= ok=1
Cmd: compileSnippet
  api=0 type=1 insize=6892 outsize=6 kw=DIRECTIONAL SHADOWS_OFF LIGHTMAP_OFF DIRLIGHTMAP_OFF DYNAMICLIGHTMAP_OFF pd= ok=1
Cmd: compileSnippet
  api=0 type=0 insize=3944 outsize=1813 kw=POINT pd= ok=1
Cmd: compileSnippet
  api=0 type=1 insize=3944 outsize=6 kw=POINT pd= ok=1
Cmd: compileSnippet
  api=0 type=0 insize=3411 outsize=2274 kw= pd= ok=1
Cmd: compileSnippet
  api=0 type=1 insize=3411 outsize=6 kw= pd= ok=1
Cmd: preprocess
  insize=840 outsize=355 ok=1
Cmd: compileSnippet
  api=0 type=0 insize=783 outsize=1202 kw=LEAP_FORMAT_IR pd= ok=1
Cmd: compileSnippet
  api=0 type=1 insize=783 outsize=6 kw=LEAP_FORMAT_IR pd= ok=1
Cmd: preprocess
  insize=2410 outsize=1760 ok=1
Cmd: compileSnippet
  api=0 type=0 insize=952 outsize=501 kw= pd= ok=1
Cmd: compileSnippet
  api=0 type=1 insize=952 outsize=6 kw= pd= ok=1
Cmd: preprocess
  insize=1138 outsize=481 ok=1
Cmd: compileSnippet
  api=0 type=0 insize=955 outsize=1459 kw=LEAP_FORMAT_IR pd= ok=1
Cmd: compileSnippet
  api=0 type=1 insize=955 outsize=6 kw=LEAP_FORMAT_IR pd= ok=1
Cmd: preprocess
  insize=1576 outsize=990 ok=1
Cmd: compileSnippet
  api=0 type=0 insize=867 outsize=769 kw= pd= ok=1
Cmd: compileSnippet
  api=0 type=1 insize=867 outsize=6 kw= pd= ok=1
Cmd: preprocess
  insize=3821 outsize=1112 ok=1
Cmd: compileSnippet
  api=0 type=0 insize=3028 outsize=1753 kw=LEAP_FORMAT_IR pd= ok=1
Cmd: compileSnippet
  api=0 type=1 insize=3028 outsize=6 kw=LEAP_FORMAT_IR pd= ok=1
Cmd: compileSnippet
  api=0 type=0 insize=3023 outsize=3363 kw=LEAP_FORMAT_IR pd= ok=1
Cmd: compileSnippet
  api=0 type=1 insize=3023 outsize=6 kw=LEAP_FORMAT_IR pd= ok=1
Cmd: preprocess
  insize=851 outsize=364 ok=1
Cmd: compileSnippet
  api=0 type=0 insize=786 outsize=1202 kw=LEAP_FORMAT_IR pd= ok=1
Cmd: compileSnippet
  api=0 type=1 insize=786 outsize=6 kw=LEAP_FORMAT_IR pd= ok=1
Cmd: preprocess
  insize=1445 outsize=1442 ok=1
Cmd: preprocess
  insize=815 outsize=355 ok=1
Cmd: compileSnippet
  api=0 type=0 insize=759 outsize=439 kw= pd= ok=1
Cmd: compileSnippet
  api=0 type=1 insize=759 outsize=6 kw= pd= ok=1
Cmd: preprocess
  insize=1500 outsize=667 ok=1
Cmd: compileSnippet
  api=0 type=0 insize=1135 outsize=819 kw= pd= ok=1
Cmd: compileSnippet
  api=0 type=1 insize=1135 outsize=6 kw= pd= ok=1
Cmd: preprocess
  insize=792 outsize=789 ok=1
Cmd: compileSnippet
  api=0 type=0 insize=541 outsize=1893 kw=SHADOWS_DEPTH pd= ok=1
Cmd: compileSnippet
  api=0 type=1 insize=541 outsize=6 kw=SHADOWS_DEPTH pd= ok=1
Cmd: compileSnippet
  api=0 type=0 insize=7139 outsize=2704 kw=DIRECTIONAL SHADOWS_OFF LIGHTMAP_OFF DIRLIGHTMAP_OFF DYNAMICLIGHTMAP_OFF pd= ok=1
Cmd: compileSnippet
  api=0 type=1 insize=7139 outsize=6 kw=DIRECTIONAL SHADOWS_OFF LIGHTMAP_OFF DIRLIGHTMAP_OFF DYNAMICLIGHTMAP_OFF pd= ok=1
Cmd: compileSnippet
  api=0 type=0 insize=3868 outsize=1865 kw=DIRECTIONAL pd= ok=1
Cmd: compileSnippet
  api=0 type=1 insize=3868 outsize=6 kw=DIRECTIONAL pd= ok=1
Cmd: compileSnippet
  api=0 type=0 insize=6924 outsize=2300 kw=DIRECTIONAL SHADOWS_OFF LIGHTMAP_OFF DIRLIGHTMAP_OFF DYNAMICLIGHTMAP_OFF pd= ok=1
Cmd: compileSnippet
  api=0 type=1 insize=6924 outsize=6 kw=DIRECTIONAL SHADOWS_OFF LIGHTMAP_OFF DIRLIGHTMAP_OFF DYNAMICLIGHTMAP_OFF pd= ok=1
Cmd: compileSnippet
  api=0 type=0 insize=3695 outsize=1489 kw=DIRECTIONAL pd= ok=1
Cmd: compileSnippet
  api=0 type=1 insize=3695 outsize=6 kw=DIRECTIONAL pd= ok=1
Cmd: compileSnippet
  api=0 type=0 insize=751 outsize=1893 kw=SHADOWS_DEPTH pd= ok=1
Cmd: compileSnippet
  api=0 type=1 insize=751 outsize=6 kw=SHADOWS_DEPTH pd= ok=1
Cmd: compileSnippet
  api=0 type=0 insize=982 outsize=10119 kw=DIRECTIONAL SHADOWS_OFF LIGHTMAP_OFF DIRLIGHTMAP_OFF DYNAMICLIGHTMAP_OFF pd= ok=1
Cmd: compileSnippet
  api=0 type=1 insize=982 outsize=6 kw=DIRECTIONAL SHADOWS_OFF LIGHTMAP_OFF DIRLIGHTMAP_OFF DYNAMICLIGHTMAP_OFF pd= ok=1
Cmd: compileSnippet
  api=0 type=0 insize=938 outsize=5777 kw=DIRECTIONAL SHADOWS_OFF pd= ok=1
Cmd: compileSnippet
  api=0 type=1 insize=938 outsize=6 kw=DIRECTIONAL SHADOWS_OFF pd= ok=1
Cmd: compileSnippet
  api=0 type=0 insize=7321 outsize=3740 kw=DIRECTIONAL LIGHTMAP_OFF DIRLIGHTMAP_OFF DYNAMICLIGHTMAP_OFF pd= ok=1
Cmd: compileSnippet
  api=0 type=1 insize=7321 outsize=6 kw=DIRECTIONAL LIGHTMAP_OFF DIRLIGHTMAP_OFF DYNAMICLIGHTMAP_OFF pd= ok=1
Cmd: compileSnippet
  api=0 type=0 insize=4759 outsize=2863 kw=DIRECTIONAL pd= ok=1
Cmd: compileSnippet
  api=0 type=1 insize=4759 outsize=6 kw=DIRECTIONAL pd= ok=1
Cmd: compileSnippet
  api=0 type=0 insize=7666 outsize=4347 kw=DIRECTIONAL SHADOWS_OFF LIGHTMAP_OFF DIRLIGHTMAP_OFF DYNAMICLIGHTMAP_OFF pd= ok=1
Cmd: compileSnippet
  api=0 type=1 insize=7666 outsize=6 kw=DIRECTIONAL SHADOWS_OFF LIGHTMAP_OFF DIRLIGHTMAP_OFF DYNAMICLIGHTMAP_OFF pd= ok=1
Cmd: compileSnippet
  api=0 type=0 insize=5061 outsize=3282 kw=DIRECTIONAL pd= ok=1
Cmd: compileSnippet
  api=0 type=1 insize=5061 outsize=6 kw=DIRECTIONAL pd= ok=1
Cmd: compileSnippet
  api=0 type=0 insize=1420 outsize=1195 kw= pd= ok=1
Cmd: compileSnippet
  api=0 type=1 insize=1420 outsize=6 kw= pd= ok=1
Cmd: compileSnippet
  api=0 type=0 insize=4832 outsize=2713 kw= pd= ok=1
Cmd: compileSnippet
  api=0 type=1 insize=4832 outsize=6 kw= pd= ok=1
Cmd: compileSnippet
  api=0 type=0 insize=7987 outsize=4571 kw=DIRECTIONAL SHADOWS_OFF LIGHTMAP_OFF DIRLIGHTMAP_OFF DYNAMICLIGHTMAP_OFF pd= ok=1
Cmd: compileSnippet
  api=0 type=1 insize=7987 outsize=6 kw=DIRECTIONAL SHADOWS_OFF LIGHTMAP_OFF DIRLIGHTMAP_OFF DYNAMICLIGHTMAP_OFF pd= ok=1
Cmd: compileSnippet
  api=0 type=0 insize=5163 outsize=3297 kw=DIRECTIONAL pd= ok=1
Cmd: compileSnippet
  api=0 type=1 insize=5163 outsize=6 kw=DIRECTIONAL pd= ok=1
Cmd: compileSnippet
  api=0 type=0 insize=7216 outsize=2528 kw=DIRECTIONAL SHADOWS_OFF LIGHTMAP_OFF DIRLIGHTMAP_OFF DYNAMICLIGHTMAP_OFF pd= ok=1
Cmd: compileSnippet
  api=0 type=1 insize=7216 outsize=6 kw=DIRECTIONAL SHADOWS_OFF LIGHTMAP_OFF DIRLIGHTMAP_OFF DYNAMICLIGHTMAP_OFF pd= ok=1
Cmd: compileSnippet
  api=0 type=0 insize=3830 outsize=1489 kw=DIRECTIONAL pd= ok=1
Cmd: compileSnippet
  api=0 type=1 insize=3830 outsize=6 kw=DIRECTIONAL pd= ok=1
Cmd: compileSnippet
  api=0 type=0 insize=4027 outsize=1579 kw= pd= ok=1
Cmd: compileSnippet
  api=0 type=1 insize=4027 outsize=6 kw= pd= ok=1
Cmd: compileSnippet
  api=0 type=0 insize=3954 outsize=1375 kw= pd= ok=1
Cmd: compileSnippet
  api=0 type=1 insize=3954 outsize=6 kw= pd= ok=1
Cmd: compileSnippet
  api=0 type=0 insize=6845 outsize=2252 kw=DIRECTIONAL LIGHTMAP_OFF DIRLIGHTMAP_OFF DYNAMICLIGHTMAP_OFF pd= ok=1
Cmd: compileSnippet
  api=0 type=1 insize=6845 outsize=6 kw=DIRECTIONAL LIGHTMAP_OFF DIRLIGHTMAP_OFF DYNAMICLIGHTMAP_OFF pd= ok=1
Cmd: compileSnippet
  api=0 type=0 insize=3617 outsize=1441 kw=DIRECTIONAL pd= ok=1
Cmd: compileSnippet
  api=0 type=1 insize=3617 outsize=6 kw=DIRECTIONAL pd= ok=1
Cmd: compileSnippet
  api=0 type=0 insize=751 outsize=2382 kw=SHADOWS_DEPTH _ALPHABLEND_ON pd= ok=1
Cmd: compileSnippet
  api=0 type=1 insize=751 outsize=6 kw=SHADOWS_DEPTH _ALPHABLEND_ON pd= ok=1
Cmd: compileSnippet
  api=0 type=0 insize=982 outsize=10230 kw=DIRECTIONAL SHADOWS_OFF LIGHTMAP_OFF DIRLIGHTMAP_OFF DYNAMICLIGHTMAP_OFF _ALPHABLEND_ON pd= ok=1
Cmd: compileSnippet
  api=0 type=1 insize=982 outsize=6 kw=DIRECTIONAL SHADOWS_OFF LIGHTMAP_OFF DIRLIGHTMAP_OFF DYNAMICLIGHTMAP_OFF _ALPHABLEND_ON pd= ok=1
Cmd: compileSnippet
  api=0 type=0 insize=938 outsize=5842 kw=DIRECTIONAL SHADOWS_OFF _ALPHABLEND_ON pd= ok=1
Cmd: compileSnippet
  api=0 type=1 insize=938 outsize=6 kw=DIRECTIONAL SHADOWS_OFF _ALPHABLEND_ON pd= ok=1
Cmd: compileSnippet
  api=0 type=0 insize=797 outsize=2249 kw=SHADOWS_DEPTH pd= ok=1
Cmd: compileSnippet
  api=0 type=1 insize=797 outsize=6 kw=SHADOWS_DEPTH pd= ok=1
Cmd: compileSnippet
  api=0 type=0 insize=6976 outsize=2359 kw=DIRECTIONAL SHADOWS_OFF LIGHTMAP_OFF DIRLIGHTMAP_OFF DYNAMICLIGHTMAP_OFF pd= ok=1
Cmd: compileSnippet
  api=0 type=1 insize=6976 outsize=6 kw=DIRECTIONAL SHADOWS_OFF LIGHTMAP_OFF DIRLIGHTMAP_OFF DYNAMICLIGHTMAP_OFF pd= ok=1
Cmd: compileSnippet
  api=0 type=0 insize=3734 outsize=1548 kw=DIRECTIONAL pd= ok=1
Cmd: compileSnippet
  api=0 type=1 insize=3734 outsize=6 kw=DIRECTIONAL pd= ok=1
Cmd: compileSnippet
  api=0 type=0 insize=7806 outsize=4100 kw=DIRECTIONAL SHADOWS_OFF LIGHTMAP_OFF DIRLIGHTMAP_OFF DYNAMICLIGHTMAP_OFF pd= ok=1
Cmd: compileSnippet
  api=0 type=1 insize=7806 outsize=6 kw=DIRECTIONAL SHADOWS_OFF LIGHTMAP_OFF DIRLIGHTMAP_OFF DYNAMICLIGHTMAP_OFF pd= ok=1
Cmd: compileSnippet
  api=0 type=0 insize=5024 outsize=2911 kw=DIRECTIONAL pd= ok=1
Cmd: compileSnippet
  api=0 type=1 insize=5024 outsize=6 kw=DIRECTIONAL pd= ok=1
Cmd: compileSnippet
  api=0 type=0 insize=1705 outsize=541 kw=SOFTPARTICLES_OFF pd= ok=1
Cmd: compileSnippet
  api=0 type=1 insize=1705 outsize=6 kw=SOFTPARTICLES_OFF pd= ok=1
Cmd: compileSnippet
  api=0 type=0 insize=7410 outsize=2919 kw=DIRECTIONAL SHADOWS_OFF LIGHTMAP_OFF DIRLIGHTMAP_OFF DYNAMICLIGHTMAP_OFF pd= ok=1
Cmd: compileSnippet
  api=0 type=1 insize=7410 outsize=6 kw=DIRECTIONAL SHADOWS_OFF LIGHTMAP_OFF DIRLIGHTMAP_OFF DYNAMICLIGHTMAP_OFF pd= ok=1
Cmd: compileSnippet
  api=0 type=0 insize=3982 outsize=1880 kw=DIRECTIONAL pd= ok=1
Cmd: compileSnippet
  api=0 type=1 insize=3982 outsize=6 kw=DIRECTIONAL pd= ok=1
Cmd: compileSnippet
  api=0 type=0 insize=975 outsize=669 kw= pd= ok=1
Cmd: compileSnippet
  api=0 type=1 insize=975 outsize=6 kw= pd= ok=1
Cmd: compileSnippet
  api=0 type=0 insize=751 outsize=2382 kw=SHADOWS_DEPTH _ALPHAPREMULTIPLY_ON pd= ok=1
Cmd: compileSnippet
  api=0 type=1 insize=751 outsize=6 kw=SHADOWS_DEPTH _ALPHAPREMULTIPLY_ON pd= ok=1
Cmd: compileSnippet
  api=0 type=0 insize=982 outsize=10360 kw=DIRECTIONAL SHADOWS_OFF LIGHTMAP_OFF DIRLIGHTMAP_OFF DYNAMICLIGHTMAP_OFF _ALPHAPREMULTIPLY_ON pd= ok=1
Cmd: compileSnippet
  api=0 type=1 insize=982 outsize=6 kw=DIRECTIONAL SHADOWS_OFF LIGHTMAP_OFF DIRLIGHTMAP_OFF DYNAMICLIGHTMAP_OFF _ALPHAPREMULTIPLY_ON pd= ok=1
Cmd: compileSnippet
  api=0 type=0 insize=938 outsize=5981 kw=DIRECTIONAL SHADOWS_OFF _ALPHAPREMULTIPLY_ON pd= ok=1
Cmd: compileSnippet
  api=0 type=1 insize=938 outsize=6 kw=DIRECTIONAL SHADOWS_OFF _ALPHAPREMULTIPLY_ON pd= ok=1
Cmd: compileSnippet
  api=0 type=0 insize=13030 outsize=6436 kw=_SUNDISK_SIMPLE pd= ok=1
Cmd: compileSnippet
  api=0 type=1 insize=13030 outsize=6 kw=_SUNDISK_SIMPLE pd= ok=1
Cmd: compileSnippet
  api=0 type=0 insize=7666 outsize=4861 kw=DIRECTIONAL SHADOWS_SCREEN LIGHTMAP_OFF DIRLIGHTMAP_OFF DYNAMICLIGHTMAP_OFF pd= ok=1
Cmd: compileSnippet
  api=0 type=1 insize=7666 outsize=6 kw=DIRECTIONAL SHADOWS_SCREEN LIGHTMAP_OFF DIRLIGHTMAP_OFF DYNAMICLIGHTMAP_OFF pd= ok=1
Cmd: compileSnippet
  api=0 type=0 insize=982 outsize=10586 kw=DIRECTIONAL SHADOWS_SCREEN LIGHTMAP_OFF DIRLIGHTMAP_OFF DYNAMICLIGHTMAP_OFF pd= ok=1
Cmd: compileSnippet
  api=0 type=1 insize=982 outsize=6 kw=DIRECTIONAL SHADOWS_SCREEN LIGHTMAP_OFF DIRLIGHTMAP_OFF DYNAMICLIGHTMAP_OFF pd= ok=1
Cmd: compileSnippet
  api=0 type=0 insize=990 outsize=463 kw= pd= ok=1
Cmd: compileSnippet
  api=0 type=1 insize=990 outsize=6 kw= pd= ok=1
Cmd: compileSnippet
  api=0 type=0 insize=1470 outsize=583 kw= pd= ok=1
Cmd: compileSnippet
  api=0 type=1 insize=1470 outsize=6 kw= pd= ok=1
Cmd: compileSnippet
  api=0 type=0 insize=751 outsize=1893 kw=SHADOWS_DEPTH pd= ok=1
Cmd: compileSnippet
  api=0 type=1 insize=751 outsize=6 kw=SHADOWS_DEPTH pd= ok=1
Cmd: compileSnippet
  api=0 type=0 insize=977 outsize=10445 kw=DIRECTIONAL SHADOWS_SCREEN LIGHTMAP_OFF DIRLIGHTMAP_OFF DYNAMICLIGHTMAP_OFF pd= ok=1
Cmd: compileSnippet
  api=0 type=1 insize=977 outsize=6 kw=DIRECTIONAL SHADOWS_SCREEN LIGHTMAP_OFF DIRLIGHTMAP_OFF DYNAMICLIGHTMAP_OFF pd= ok=1
Cmd: compileSnippet
  api=0 type=0 insize=977 outsize=9977 kw=DIRECTIONAL SHADOWS_OFF LIGHTMAP_OFF DIRLIGHTMAP_OFF DYNAMICLIGHTMAP_OFF pd= ok=1
Cmd: compileSnippet
  api=0 type=1 insize=977 outsize=6 kw=DIRECTIONAL SHADOWS_OFF LIGHTMAP_OFF DIRLIGHTMAP_OFF DYNAMICLIGHTMAP_OFF pd= ok=1
Cmd: compileSnippet
  api=0 type=0 insize=934 outsize=5581 kw=DIRECTIONAL SHADOWS_OFF pd= ok=1
Cmd: compileSnippet
  api=0 type=1 insize=934 outsize=6 kw=DIRECTIONAL SHADOWS_OFF pd= ok=1
Cmd: compileSnippet
  api=0 type=0 insize=938 outsize=6131 kw=POINT SHADOWS_OFF pd= ok=1
Cmd: compileSnippet
  api=0 type=1 insize=938 outsize=6 kw=POINT SHADOWS_OFF pd= ok=1
Cmd: compileSnippet
  api=0 type=0 insize=5061 outsize=3630 kw=POINT pd= ok=1
Cmd: compileSnippet
  api=0 type=1 insize=5061 outsize=6 kw=POINT pd= ok=1
Cmd: compileSnippet
  api=0 type=0 insize=938 outsize=6301 kw=SPOT SHADOWS_OFF pd= ok=1
Cmd: compileSnippet
  api=0 type=1 insize=938 outsize=6 kw=SPOT SHADOWS_OFF pd= ok=1
Cmd: compileSnippet
  api=0 type=0 insize=5061 outsize=3785 kw=SPOT pd= ok=1
Cmd: compileSnippet
  api=0 type=1 insize=5061 outsize=6 kw=SPOT pd= ok=1
